0 info it worked if it ends with ok
1 verbose cli [ '/usr/local/bin/node',
1 verbose cli   '/usr/local/bin/npm',
1 verbose cli   'install',
1 verbose cli   'node-xlsx' ]
2 info using npm@2.15.9
3 info using node@v4.6.0
4 verbose install initial load of /Users/tw00089923/Desktop/kcr_pro/package.json
5 warn package.json reddice@1.0.0 No repository field.
6 verbose installManyTop reading scoped package data from /Users/tw00089923/Desktop/kcr_pro/node_modules/asap/package.json
7 verbose installManyTop reading scoped package data from /Users/tw00089923/Desktop/kcr_pro/node_modules/axios/package.json
8 verbose installManyTop reading scoped package data from /Users/tw00089923/Desktop/kcr_pro/node_modules/babel-cli/package.json
9 verbose installManyTop reading scoped package data from /Users/tw00089923/Desktop/kcr_pro/node_modules/babel-core/package.json
10 verbose installManyTop reading scoped package data from /Users/tw00089923/Desktop/kcr_pro/node_modules/babel-loader/package.json
11 verbose installManyTop reading scoped package data from /Users/tw00089923/Desktop/kcr_pro/node_modules/babel-preset-es2015/package.json
12 verbose installManyTop reading scoped package data from /Users/tw00089923/Desktop/kcr_pro/node_modules/babel-preset-react/package.json
13 verbose installManyTop reading scoped package data from /Users/tw00089923/Desktop/kcr_pro/node_modules/bcrypt/package.json
14 verbose installManyTop reading scoped package data from /Users/tw00089923/Desktop/kcr_pro/node_modules/bindings/package.json
15 verbose installManyTop reading scoped package data from /Users/tw00089923/Desktop/kcr_pro/node_modules/bluebird/package.json
16 verbose installManyTop reading scoped package data from /Users/tw00089923/Desktop/kcr_pro/node_modules/body-parser/package.json
17 verbose installManyTop reading scoped package data from /Users/tw00089923/Desktop/kcr_pro/node_modules/chartjs/package.json
18 verbose installManyTop reading scoped package data from /Users/tw00089923/Desktop/kcr_pro/node_modules/classnames/package.json
19 verbose installManyTop reading scoped package data from /Users/tw00089923/Desktop/kcr_pro/node_modules/commander/package.json
20 verbose installManyTop reading scoped package data from /Users/tw00089923/Desktop/kcr_pro/node_modules/core-js/package.json
21 verbose installManyTop reading scoped package data from /Users/tw00089923/Desktop/kcr_pro/node_modules/csv-parser/package.json
22 verbose installManyTop reading scoped package data from /Users/tw00089923/Desktop/kcr_pro/node_modules/d3/package.json
23 verbose installManyTop reading scoped package data from /Users/tw00089923/Desktop/kcr_pro/node_modules/d3-array/package.json
24 verbose installManyTop reading scoped package data from /Users/tw00089923/Desktop/kcr_pro/node_modules/d3-axis/package.json
25 verbose installManyTop reading scoped package data from /Users/tw00089923/Desktop/kcr_pro/node_modules/d3-brush/package.json
26 verbose installManyTop reading scoped package data from /Users/tw00089923/Desktop/kcr_pro/node_modules/d3-chord/package.json
27 verbose installManyTop reading scoped package data from /Users/tw00089923/Desktop/kcr_pro/node_modules/d3-collection/package.json
28 verbose installManyTop reading scoped package data from /Users/tw00089923/Desktop/kcr_pro/node_modules/d3-color/package.json
29 verbose installManyTop reading scoped package data from /Users/tw00089923/Desktop/kcr_pro/node_modules/d3-dispatch/package.json
30 verbose installManyTop reading scoped package data from /Users/tw00089923/Desktop/kcr_pro/node_modules/d3-drag/package.json
31 verbose installManyTop reading scoped package data from /Users/tw00089923/Desktop/kcr_pro/node_modules/d3-dsv/package.json
32 verbose installManyTop reading scoped package data from /Users/tw00089923/Desktop/kcr_pro/node_modules/d3-ease/package.json
33 verbose installManyTop reading scoped package data from /Users/tw00089923/Desktop/kcr_pro/node_modules/d3-force/package.json
34 verbose installManyTop reading scoped package data from /Users/tw00089923/Desktop/kcr_pro/node_modules/d3-format/package.json
35 verbose installManyTop reading scoped package data from /Users/tw00089923/Desktop/kcr_pro/node_modules/d3-geo/package.json
36 verbose installManyTop reading scoped package data from /Users/tw00089923/Desktop/kcr_pro/node_modules/d3-hierarchy/package.json
37 verbose installManyTop reading scoped package data from /Users/tw00089923/Desktop/kcr_pro/node_modules/d3-interpolate/package.json
38 verbose installManyTop reading scoped package data from /Users/tw00089923/Desktop/kcr_pro/node_modules/d3-path/package.json
39 verbose installManyTop reading scoped package data from /Users/tw00089923/Desktop/kcr_pro/node_modules/d3-polygon/package.json
40 verbose installManyTop reading scoped package data from /Users/tw00089923/Desktop/kcr_pro/node_modules/d3-quadtree/package.json
41 verbose installManyTop reading scoped package data from /Users/tw00089923/Desktop/kcr_pro/node_modules/d3-queue/package.json
42 verbose installManyTop reading scoped package data from /Users/tw00089923/Desktop/kcr_pro/node_modules/d3-random/package.json
43 verbose installManyTop reading scoped package data from /Users/tw00089923/Desktop/kcr_pro/node_modules/d3-request/package.json
44 verbose installManyTop reading scoped package data from /Users/tw00089923/Desktop/kcr_pro/node_modules/d3-scale/package.json
45 verbose installManyTop reading scoped package data from /Users/tw00089923/Desktop/kcr_pro/node_modules/d3-selection/package.json
46 verbose installManyTop reading scoped package data from /Users/tw00089923/Desktop/kcr_pro/node_modules/d3-shape/package.json
47 verbose installManyTop reading scoped package data from /Users/tw00089923/Desktop/kcr_pro/node_modules/d3-time/package.json
48 verbose installManyTop reading scoped package data from /Users/tw00089923/Desktop/kcr_pro/node_modules/d3-time-format/package.json
49 verbose installManyTop reading scoped package data from /Users/tw00089923/Desktop/kcr_pro/node_modules/d3-timer/package.json
50 verbose installManyTop reading scoped package data from /Users/tw00089923/Desktop/kcr_pro/node_modules/d3-transition/package.json
51 verbose installManyTop reading scoped package data from /Users/tw00089923/Desktop/kcr_pro/node_modules/d3-voronoi/package.json
52 verbose installManyTop reading scoped package data from /Users/tw00089923/Desktop/kcr_pro/node_modules/d3-zoom/package.json
53 verbose installManyTop reading scoped package data from /Users/tw00089923/Desktop/kcr_pro/node_modules/encoding/package.json
54 verbose installManyTop reading scoped package data from /Users/tw00089923/Desktop/kcr_pro/node_modules/express/package.json
55 verbose installManyTop reading scoped package data from /Users/tw00089923/Desktop/kcr_pro/node_modules/fbjs/package.json
56 verbose installManyTop reading scoped package data from /Users/tw00089923/Desktop/kcr_pro/node_modules/graceful-readlink/package.json
57 verbose installManyTop reading scoped package data from /Users/tw00089923/Desktop/kcr_pro/node_modules/iconv-lite/package.json
58 verbose installManyTop reading scoped package data from /Users/tw00089923/Desktop/kcr_pro/node_modules/immutable/package.json
59 verbose installManyTop reading scoped package data from /Users/tw00089923/Desktop/kcr_pro/node_modules/install/package.json
60 verbose installManyTop reading scoped package data from /Users/tw00089923/Desktop/kcr_pro/node_modules/is-stream/package.json
61 verbose installManyTop reading scoped package data from /Users/tw00089923/Desktop/kcr_pro/node_modules/isomorphic-fetch/package.json
62 verbose installManyTop reading scoped package data from /Users/tw00089923/Desktop/kcr_pro/node_modules/js-tokens/package.json
63 verbose installManyTop reading scoped package data from /Users/tw00089923/Desktop/kcr_pro/node_modules/jsonwebtoken/package.json
64 verbose installManyTop reading scoped package data from /Users/tw00089923/Desktop/kcr_pro/node_modules/jwt-decode/package.json
65 verbose installManyTop reading scoped package data from /Users/tw00089923/Desktop/kcr_pro/node_modules/lodash/package.json
66 verbose installManyTop reading scoped package data from /Users/tw00089923/Desktop/kcr_pro/node_modules/loose-envify/package.json
67 verbose installManyTop reading scoped package data from /Users/tw00089923/Desktop/kcr_pro/node_modules/moment/package.json
68 verbose installManyTop reading scoped package data from /Users/tw00089923/Desktop/kcr_pro/node_modules/mongoose/package.json
69 verbose installManyTop reading scoped package data from /Users/tw00089923/Desktop/kcr_pro/node_modules/nan/package.json
70 verbose installManyTop reading scoped package data from /Users/tw00089923/Desktop/kcr_pro/node_modules/node-fetch/package.json
71 verbose installManyTop reading scoped package data from /Users/tw00089923/Desktop/kcr_pro/node_modules/node-xlsx/package.json
72 verbose installManyTop reading scoped package data from /Users/tw00089923/Desktop/kcr_pro/node_modules/nodemon/package.json
73 verbose installManyTop reading scoped package data from /Users/tw00089923/Desktop/kcr_pro/node_modules/npm/package.json
74 verbose installManyTop reading scoped package data from /Users/tw00089923/Desktop/kcr_pro/node_modules/object-assign/package.json
75 verbose installManyTop reading scoped package data from /Users/tw00089923/Desktop/kcr_pro/node_modules/pg/package.json
76 verbose installManyTop reading scoped package data from /Users/tw00089923/Desktop/kcr_pro/node_modules/promise/package.json
77 verbose installManyTop reading scoped package data from /Users/tw00089923/Desktop/kcr_pro/node_modules/react/package.json
78 verbose installManyTop reading scoped package data from /Users/tw00089923/Desktop/kcr_pro/node_modules/react-bootstrap/package.json
79 verbose installManyTop reading scoped package data from /Users/tw00089923/Desktop/kcr_pro/node_modules/react-dom/package.json
80 verbose installManyTop reading scoped package data from /Users/tw00089923/Desktop/kcr_pro/node_modules/react-hot-loader/package.json
81 verbose installManyTop reading scoped package data from /Users/tw00089923/Desktop/kcr_pro/node_modules/react-redux/package.json
82 verbose installManyTop reading scoped package data from /Users/tw00089923/Desktop/kcr_pro/node_modules/react-router/package.json
83 verbose installManyTop reading scoped package data from /Users/tw00089923/Desktop/kcr_pro/node_modules/redux/package.json
84 verbose installManyTop reading scoped package data from /Users/tw00089923/Desktop/kcr_pro/node_modules/redux-thunk/package.json
85 verbose installManyTop reading scoped package data from /Users/tw00089923/Desktop/kcr_pro/node_modules/rw/package.json
86 verbose installManyTop reading scoped package data from /Users/tw00089923/Desktop/kcr_pro/node_modules/shortid/package.json
87 verbose installManyTop reading scoped package data from /Users/tw00089923/Desktop/kcr_pro/node_modules/ua-parser-js/package.json
88 verbose installManyTop reading scoped package data from /Users/tw00089923/Desktop/kcr_pro/node_modules/validator/package.json
89 verbose installManyTop reading scoped package data from /Users/tw00089923/Desktop/kcr_pro/node_modules/webpack/package.json
90 verbose installManyTop reading scoped package data from /Users/tw00089923/Desktop/kcr_pro/node_modules/webpack-dev-middleware/package.json
91 verbose installManyTop reading scoped package data from /Users/tw00089923/Desktop/kcr_pro/node_modules/webpack-hot-middleware/package.json
92 verbose installManyTop reading scoped package data from /Users/tw00089923/Desktop/kcr_pro/node_modules/whatwg-fetch/package.json
93 verbose installManyTop reading scoped package data from /Users/tw00089923/Desktop/kcr_pro/node_modules/xlsx/package.json
94 verbose installManyTop reading scoped package data from /Users/tw00089923/Desktop/kcr_pro/node_modules/xmlhttprequest/package.json
95 verbose readDependencies loading dependencies from /Users/tw00089923/Desktop/kcr_pro/package.json
96 verbose install node-xlsx is installed as 0.7.2
97 silly cache add args [ 'node-xlsx', null ]
98 verbose cache add spec node-xlsx
99 silly cache add parsed spec Result {
99 silly cache add   raw: 'node-xlsx',
99 silly cache add   scope: null,
99 silly cache add   name: 'node-xlsx',
99 silly cache add   rawSpec: '',
99 silly cache add   spec: 'latest',
99 silly cache add   type: 'tag' }
100 silly addNamed node-xlsx@latest
101 verbose addNamed "latest" is being treated as a dist-tag for node-xlsx
102 info addNameTag [ 'node-xlsx', 'latest' ]
103 silly mapToRegistry name node-xlsx
104 silly mapToRegistry using default registry
105 silly mapToRegistry registry https://registry.npmjs.org/
106 silly mapToRegistry data Result {
106 silly mapToRegistry   raw: 'node-xlsx',
106 silly mapToRegistry   scope: null,
106 silly mapToRegistry   name: 'node-xlsx',
106 silly mapToRegistry   rawSpec: '',
106 silly mapToRegistry   spec: 'latest',
106 silly mapToRegistry   type: 'tag' }
107 silly mapToRegistry uri https://registry.npmjs.org/node-xlsx
108 verbose addNameTag registry:https://registry.npmjs.org/node-xlsx not in flight; fetching
109 verbose request uri https://registry.npmjs.org/node-xlsx
110 verbose request no auth needed
111 info attempt registry request try #1 at 22:30:44
112 verbose request id 02efddcdc8f2a511
113 verbose etag "45BXDLGLV49AJM5CAYTLYSRTI"
114 http request GET https://registry.npmjs.org/node-xlsx
115 http 304 https://registry.npmjs.org/node-xlsx
116 verbose headers { date: 'Tue, 11 Oct 2016 14:30:44 GMT',
116 verbose headers   via: '1.1 varnish',
116 verbose headers   'cache-control': 'max-age=300',
116 verbose headers   etag: '"45BXDLGLV49AJM5CAYTLYSRTI"',
116 verbose headers   age: '17',
116 verbose headers   connection: 'keep-alive',
116 verbose headers   'x-served-by': 'cache-itm7427-ITM',
116 verbose headers   'x-cache': 'HIT',
116 verbose headers   'x-cache-hits': '1',
116 verbose headers   'x-timer': 'S1476196244.854666,VS0,VE0',
116 verbose headers   vary: 'Accept-Encoding' }
117 silly get cb [ 304,
117 silly get   { date: 'Tue, 11 Oct 2016 14:30:44 GMT',
117 silly get     via: '1.1 varnish',
117 silly get     'cache-control': 'max-age=300',
117 silly get     etag: '"45BXDLGLV49AJM5CAYTLYSRTI"',
117 silly get     age: '17',
117 silly get     connection: 'keep-alive',
117 silly get     'x-served-by': 'cache-itm7427-ITM',
117 silly get     'x-cache': 'HIT',
117 silly get     'x-cache-hits': '1',
117 silly get     'x-timer': 'S1476196244.854666,VS0,VE0',
117 silly get     vary: 'Accept-Encoding' } ]
118 verbose etag https://registry.npmjs.org/node-xlsx from cache
119 verbose get saving node-xlsx to /Users/tw00089923/.npm/registry.npmjs.org/node-xlsx/.cache.json
120 verbose correctMkdir /Users/tw00089923/.npm correctMkdir not in flight; initializing
121 silly addNameTag next cb for node-xlsx with tag latest
122 silly addNamed node-xlsx@0.7.2
123 verbose addNamed "0.7.2" is a plain semver version for node-xlsx
124 silly cache afterAdd node-xlsx@0.7.2
125 verbose afterAdd /Users/tw00089923/.npm/node-xlsx/0.7.2/package/package.json not in flight; writing
126 verbose correctMkdir /Users/tw00089923/.npm correctMkdir not in flight; initializing
127 verbose afterAdd /Users/tw00089923/.npm/node-xlsx/0.7.2/package/package.json written
128 silly install resolved [ { name: 'node-xlsx',
128 silly install resolved     author: { name: 'Olivier Louvignes', email: 'olivier@mg-crea.com' },
128 silly install resolved     version: '0.7.2',
128 silly install resolved     description: 'NodeJS Excel files parser & builder',
128 silly install resolved     main: 'lib/index.js',
128 silly install resolved     scripts:
128 silly install resolved      { start: 'npm run test:watch',
128 silly install resolved        test: 'mocha',
128 silly install resolved        'test:watch': 'npm run test -- --watch',
128 silly install resolved        'test:coverage': 'nyc --reporter=lcov npm test -- --reporter dot && nyc report',
128 silly install resolved        lint: 'eslint src/',
128 silly install resolved        compile: 'rimraf lib/*; babel src/ -d lib/ -s',
128 silly install resolved        'compile:watch': 'npm run compile -- -w',
128 silly install resolved        prepublish: 'npm run compile' },
128 silly install resolved     repository:
128 silly install resolved      { type: 'git',
128 silly install resolved        url: 'git+https://github.com/mgcrea/node-xlsx.git' },
128 silly install resolved     license: 'Apache-2.0',
128 silly install resolved     dependencies: { xlsx: '^0.8.0' },
128 silly install resolved     devDependencies:
128 silly install resolved      { 'babel-cli': '^6.11.4',
128 silly install resolved        'babel-eslint': '^6.1.2',
128 silly install resolved        'babel-plugin-transform-class-properties': '^6.11.5',
128 silly install resolved        'babel-plugin-transform-function-bind': '^6.8.0',
128 silly install resolved        'babel-plugin-transform-object-rest-spread': '^6.8.0',
128 silly install resolved        'babel-preset-es2015': '^6.13.2',
128 silly install resolved        'babel-register': '^6.11.6',
128 silly install resolved        'codeclimate-test-reporter': '^0.3.3',
128 silly install resolved        eslint: '^3.3.1',
128 silly install resolved        'eslint-config-airbnb-base': '^5.0.2',
128 silly install resolved        'eslint-plugin-import': '^1.13.0',
128 silly install resolved        'eslint-plugin-jsx-a11y': '^2.1.0',
128 silly install resolved        expect: '^1.20.2',
128 silly install resolved        mocha: '^3.0.2',
128 silly install resolved        nyc: '^8.1.0',
128 silly install resolved        rimraf: '^2.5.4' },
128 silly install resolved     keywords: [ 'excel', 'parser', 'builder', 'xlsx', 'xls' ],
128 silly install resolved     gitHead: 'bafd66de9870ed9bfe175f0b6da81cc1d38afe1c',
128 silly install resolved     bugs: { url: 'https://github.com/mgcrea/node-xlsx/issues' },
128 silly install resolved     homepage: 'https://github.com/mgcrea/node-xlsx#readme',
128 silly install resolved     _id: 'node-xlsx@0.7.2',
128 silly install resolved     _shasum: 'a6408e9cec5dd69e7fbcc769aa191253d379337d',
128 silly install resolved     _from: 'node-xlsx@latest',
128 silly install resolved     _npmVersion: '3.10.3',
128 silly install resolved     _nodeVersion: '6.3.0',
128 silly install resolved     _npmUser: { name: 'mgcrea', email: 'olivier@mg-crea.com' },
128 silly install resolved     dist:
128 silly install resolved      { shasum: 'a6408e9cec5dd69e7fbcc769aa191253d379337d',
128 silly install resolved        tarball: 'https://registry.npmjs.org/node-xlsx/-/node-xlsx-0.7.2.tgz' },
128 silly install resolved     maintainers: [ [Object] ],
128 silly install resolved     _npmOperationalInternal:
128 silly install resolved      { host: 'packages-12-west.internal.npmjs.com',
128 silly install resolved        tmp: 'tmp/node-xlsx-0.7.2.tgz_1471379694835_0.4213184188120067' },
128 silly install resolved     directories: {},
128 silly install resolved     _resolved: 'https://registry.npmjs.org/node-xlsx/-/node-xlsx-0.7.2.tgz',
128 silly install resolved     readme: 'ERROR: No README data found!' } ]
129 info install node-xlsx@0.7.2 into /Users/tw00089923/Desktop/kcr_pro
130 info installOne node-xlsx@0.7.2
131 verbose installOne of node-xlsx to /Users/tw00089923/Desktop/kcr_pro not in flight; installing
132 verbose correctMkdir /Users/tw00089923/.npm/_locks correctMkdir not in flight; initializing
133 verbose lock using /Users/tw00089923/.npm/_locks/node-xlsx-ef3c5f2ba3af9291.lock for /Users/tw00089923/Desktop/kcr_pro/node_modules/node-xlsx
134 silly install write writing node-xlsx 0.7.2 to /Users/tw00089923/Desktop/kcr_pro/node_modules/node-xlsx
135 verbose unbuild node_modules/node-xlsx
136 info preuninstall node-xlsx@0.7.2
137 info uninstall node-xlsx@0.7.2
138 verbose unbuild rmStuff node-xlsx@0.7.2 from /Users/tw00089923/Desktop/kcr_pro/node_modules
139 info postuninstall node-xlsx@0.7.2
140 silly gentlyRm /Users/tw00089923/Desktop/kcr_pro/node_modules/node-xlsx is being purged from base /Users/tw00089923/Desktop/kcr_pro
141 verbose gentlyRm don't care about contents; nuking /Users/tw00089923/Desktop/kcr_pro/node_modules/node-xlsx
142 silly vacuum-fs purging /Users/tw00089923/Desktop/kcr_pro/node_modules/node-xlsx
143 silly vacuum-fs quitting because other entries in /Users/tw00089923/Desktop/kcr_pro/node_modules
144 verbose tar unpack /Users/tw00089923/.npm/node-xlsx/0.7.2/package.tgz
145 verbose tar unpacking to /Users/tw00089923/Desktop/kcr_pro/node_modules/node-xlsx
146 silly gentlyRm /Users/tw00089923/Desktop/kcr_pro/node_modules/node-xlsx is being purged
147 verbose gentlyRm don't care about contents; nuking /Users/tw00089923/Desktop/kcr_pro/node_modules/node-xlsx
148 silly gunzTarPerm modes [ '755', '644' ]
149 silly gunzTarPerm extractEntry package.json
150 silly gunzTarPerm extractEntry .npmignore
151 silly gunzTarPerm extractEntry README.md
152 silly gunzTarPerm extractEntry .babelrc
153 silly gunzTarPerm extractEntry .travis.yml
154 silly gunzTarPerm extractEntry LICENSE.md
155 silly gunzTarPerm extractEntry .eslintrc
156 silly gunzTarPerm extractEntry lib/helpers.js
157 silly gunzTarPerm extractEntry lib/index.js
158 silly gunzTarPerm extractEntry lib/workbook.js
159 silly gunzTarPerm extractEntry lib/helpers.js.map
160 silly gunzTarPerm extractEntry lib/index.js.map
161 silly gunzTarPerm extractEntry lib/workbook.js.map
162 silly gunzTarPerm extractEntry src/helpers.js
163 silly gunzTarPerm extractEntry src/index.js
164 silly gunzTarPerm extractEntry src/workbook.js
165 silly gunzTarPerm extractEntry test/.eslintrc
166 silly gunzTarPerm extractEntry test/fixtures/test.json
167 silly gunzTarPerm extractEntry test/fixtures/test.xlsx
168 silly gunzTarPerm extractEntry test/mocha.opts
169 silly gunzTarPerm extractEntry test/specs/build.spec.js
170 silly gunzTarPerm extractEntry test/specs/parse.spec.js
171 verbose write writing to /Users/tw00089923/Desktop/kcr_pro/node_modules/node-xlsx/package.json
172 info preinstall node-xlsx@0.7.2
173 verbose readDependencies loading dependencies from /Users/tw00089923/Desktop/kcr_pro/node_modules/node-xlsx/package.json
174 verbose readDependencies loading dependencies from /Users/tw00089923/Desktop/kcr_pro/node_modules/node-xlsx/package.json
175 silly install resolved []
176 verbose about to build /Users/tw00089923/Desktop/kcr_pro/node_modules/node-xlsx
177 info build /Users/tw00089923/Desktop/kcr_pro/node_modules/node-xlsx
178 info linkStuff node-xlsx@0.7.2
179 silly linkStuff node-xlsx@0.7.2 has /Users/tw00089923/Desktop/kcr_pro/node_modules as its parent node_modules
180 verbose linkBins node-xlsx@0.7.2
181 verbose linkMans node-xlsx@0.7.2
182 verbose rebuildBundles node-xlsx@0.7.2
183 info install node-xlsx@0.7.2
184 info postinstall node-xlsx@0.7.2
185 verbose unlock done using /Users/tw00089923/.npm/_locks/node-xlsx-ef3c5f2ba3af9291.lock for /Users/tw00089923/Desktop/kcr_pro/node_modules/node-xlsx
186 verbose validateInstall loading /Users/tw00089923/Desktop/kcr_pro/package.json for validation
187 verbose stack Error: The package react@15.1.0 does not satisfy its siblings' peerDependencies requirements!
187 verbose stack     at /usr/local/lib/node_modules/npm/lib/install.js:125:32
187 verbose stack     at /usr/local/lib/node_modules/npm/lib/install.js:268:7
187 verbose stack     at /usr/local/lib/node_modules/npm/node_modules/read-installed/read-installed.js:142:5
187 verbose stack     at /usr/local/lib/node_modules/npm/node_modules/read-installed/read-installed.js:263:14
187 verbose stack     at cb (/usr/local/lib/node_modules/npm/node_modules/slide/lib/async-map.js:47:24)
187 verbose stack     at /usr/local/lib/node_modules/npm/node_modules/read-installed/read-installed.js:263:14
187 verbose stack     at cb (/usr/local/lib/node_modules/npm/node_modules/slide/lib/async-map.js:47:24)
187 verbose stack     at /usr/local/lib/node_modules/npm/node_modules/read-installed/read-installed.js:263:14
187 verbose stack     at cb (/usr/local/lib/node_modules/npm/node_modules/slide/lib/async-map.js:47:24)
187 verbose stack     at /usr/local/lib/node_modules/npm/node_modules/read-installed/read-installed.js:263:14
188 verbose cwd /Users/tw00089923/Desktop/kcr_pro
189 error Darwin 16.0.0
190 error argv "/usr/local/bin/node" "/usr/local/bin/npm" "install" "node-xlsx"
191 error node v4.6.0
192 error npm  v2.15.9
193 error code EPEERINVALID
194 error peerinvalid The package react@15.1.0 does not satisfy its siblings' peerDependencies requirements!
194 error peerinvalid Peer react-bootstrap@0.30.3 wants react@>=0.14.0
194 error peerinvalid Peer react-dom@15.3.2 wants react@^15.3.2
194 error peerinvalid Peer react-redux@4.4.5 wants react@^0.14.0 || ^15.0.0-0
194 error peerinvalid Peer react-router@2.8.1 wants react@^0.14.0 || ^15.0.0
195 verbose exit [ 1, true ]
